<?xml version="1.0" encoding="UTF-8"?>
<testsuite name="com.application.controllers.MoviesControllerTest" tests="1" skipped="1" failures="0" errors="0" timestamp="2017-12-08T06:20:55" hostname="Adityas-MacBook-Pro.local" time="0.0">
  <properties/>
  <testcase name="initializationError" classname="com.application.controllers.MoviesControllerTest" time="0.0">
    <skipped/>
  </testcase>
  <system-out><![CDATA[]]></system-out>
  <system-err><![CDATA[]]></system-err>
</testsuite>
